<?xml version="1.0" encoding="UTF-8" ?>
<testsuite tests="4" failures="0" name="com.ytx.test.testservice.SeckillServiceTest" time="3.554" errors="0" skipped="0">
  <properties>
[...]
</properties>
  <testcase classname="com.ytx.test.testservice.SeckillServiceTest" name="testSeckillLogic" time="1.656"/>
  <testcase classname="com.ytx.test.testservice.SeckillServiceTest" name="getByIdTest" time="0.075"/>
  <testcase classname="com.ytx.test.testservice.SeckillServiceTest" name="getSeckillListTest" time="0.113"/>
  <testcase classname="com.ytx.test.testservice.SeckillServiceTest" name="executeSeckilProcedureTest" time="1.71"/>
</testsuite>